<?xml version="1.0" encoding="UTF-8"?>
<testsuite xmlns:xsi="http://www.w3.org/2001/XMLSchema-instance" xsi:noNamespaceSchemaLocation="https://maven.apache.org/surefire/maven-surefire-plugin/xsd/surefire-test-report.xsd" version="3.0.2" name="com.example.demo.TestCompteBancaire" time="0.532" tests="4" errors="0" skipped="0" failures="0">
  <properties>
[...]
</properties>
  <testcase name="testRetraitDepassantSolde" classname="com.example.demo.TestCompteBancaire" time="0.465"/>
  <testcase name="testRetraitAvecNotification" classname="com.example.demo.TestCompteBancaire" time="0.038"/>
  <testcase name="testDepotAvecNotification" classname="com.example.demo.TestCompteBancaire" time="0.004"/>
  <testcase name="testVerificationNombreAppels" classname="com.example.demo.TestCompteBancaire" time="0.004"/>
</testsuite>